2018-06-01 17:44:39 DEBUG baseClass:33 - going to set driver path
2018-06-01 17:44:39 DEBUG baseClass:35 - drive is not null
2018-06-01 17:44:39 DEBUG baseClass:45 - Browser is Chrome
2018-06-01 17:44:39 DEBUG baseClass:56 - System is Windows and browser is Chrome
2018-06-01 17:44:48 DEBUG baseClass:33 - going to set driver path
2018-06-01 17:45:28 DEBUG baseClass:129 - Quiting the browser
2018-06-01 17:45:28 DEBUG baseClass:33 - going to set driver path
2018-06-01 17:45:28 DEBUG baseClass:35 - drive is not null
2018-06-01 17:45:28 DEBUG baseClass:45 - Browser is Chrome
2018-06-01 17:45:28 DEBUG baseClass:56 - System is Windows and browser is Chrome
2018-06-01 17:45:33 DEBUG baseClass:33 - going to set driver path
2018-06-01 17:46:12 DEBUG baseClass:129 - Quiting the browser
2018-06-01 17:46:12 DEBUG baseClass:33 - going to set driver path
2018-06-01 17:46:12 DEBUG baseClass:35 - drive is not null
2018-06-01 17:46:12 DEBUG baseClass:45 - Browser is Chrome
2018-06-01 17:46:12 DEBUG baseClass:56 - System is Windows and browser is Chrome
2018-06-01 17:46:19 DEBUG baseClass:33 - going to set driver path
2018-06-01 17:46:40 DEBUG baseClass:129 - Quiting the browser
2018-06-01 17:46:40 DEBUG baseClass:33 - going to set driver path
2018-06-01 17:46:40 DEBUG baseClass:35 - drive is not null
2018-06-01 17:46:40 DEBUG baseClass:45 - Browser is Chrome
2018-06-01 17:46:40 DEBUG baseClass:56 - System is Windows and browser is Chrome
2018-06-01 17:46:45 DEBUG baseClass:33 - going to set driver path
2018-06-01 17:47:05 DEBUG baseClass:129 - Quiting the browser
2018-06-01 17:47:05 DEBUG baseClass:33 - going to set driver path
2018-06-01 17:47:05 DEBUG baseClass:35 - drive is not null
2018-06-01 17:47:05 DEBUG baseClass:45 - Browser is Chrome
2018-06-01 17:47:05 DEBUG baseClass:56 - System is Windows and browser is Chrome
2018-06-01 17:47:10 DEBUG baseClass:33 - going to set driver path
2018-06-01 17:47:29 DEBUG baseClass:129 - Quiting the browser
2018-06-01 17:47:29 DEBUG baseClass:33 - going to set driver path
2018-06-01 17:47:29 DEBUG baseClass:35 - drive is not null
2018-06-01 17:47:29 DEBUG baseClass:45 - Browser is Chrome
2018-06-01 17:47:29 DEBUG baseClass:56 - System is Windows and browser is Chrome
2018-06-01 17:47:35 DEBUG baseClass:33 - going to set driver path
2018-06-01 17:48:05 DEBUG baseClass:129 - Quiting the browser
2018-06-01 17:57:48 DEBUG baseClass:33 - going to set driver path
2018-06-01 17:57:48 DEBUG baseClass:35 - drive is not null
2018-06-01 17:57:48 DEBUG baseClass:45 - Browser is Chrome
2018-06-01 17:57:49 DEBUG baseClass:56 - System is Windows and browser is Chrome
2018-06-01 17:57:56 DEBUG baseClass:33 - going to set driver path
2018-06-01 17:57:56 DEBUG FlightBookingTest:34 - Driver got set
2018-06-01 17:58:14 DEBUG FlightBookingTest:37 - open url ==https://www.cleartrip.com/
2018-06-01 17:58:27 DEBUG FlightBookingTest:78 - all valid data entered and click the Serch button
2018-06-01 17:58:34 DEBUG baseClass:129 - Quiting the browser
2018-06-01 17:58:34 DEBUG baseClass:33 - going to set driver path
2018-06-01 17:58:34 DEBUG baseClass:35 - drive is not null
2018-06-01 17:58:34 DEBUG baseClass:45 - Browser is Chrome
2018-06-01 17:58:34 DEBUG baseClass:56 - System is Windows and browser is Chrome
2018-06-01 17:58:39 DEBUG baseClass:33 - going to set driver path
2018-06-01 17:58:39 DEBUG HotelBookingTest:35 - Driver got set
2018-06-01 17:58:50 DEBUG HotelBookingTest:38 - open url ==https://www.cleartrip.com/
2018-06-01 17:59:34 DEBUG HotelBookingTest:53 - Check-In Month ==> By.xpath: //div[@id='ui-datepicker-div']//span[text()='July']
2018-06-01 17:59:34 DEBUG HotelBookingTest:54 - Check-In Year ==> By.xpath: //div[@id='ui-datepicker-div']//span[text()='2018']
2018-06-01 17:59:34 DEBUG HotelBookingTest:63 - date => //td[@data-year='2018' and @data-month='6']/a[text()='1']
2018-06-01 17:59:35 DEBUG HotelBookingTest:78 - Check-Out Month ==> By.xpath: //div[@id='ui-datepicker-div']//span[text()='July']
2018-06-01 17:59:35 DEBUG HotelBookingTest:85 - Check-Out Date ==> //td[@data-year='2018' and @data-month='6']/a[text()='6']
2018-06-01 17:59:35 DEBUG HotelBookingTest:89 - Check-Out Year ==> By.xpath: //div[@id='ui-datepicker-div']//span[text()='2018']
2018-06-01 17:59:41 DEBUG baseClass:129 - Quiting the browser
2018-06-01 17:59:41 DEBUG baseClass:33 - going to set driver path
2018-06-01 17:59:41 DEBUG baseClass:35 - drive is not null
2018-06-01 17:59:41 DEBUG baseClass:45 - Browser is Chrome
2018-06-01 17:59:41 DEBUG baseClass:56 - System is Windows and browser is Chrome
2018-06-01 17:59:47 DEBUG baseClass:33 - going to set driver path
2018-06-01 18:00:20 DEBUG baseClass:129 - Quiting the browser
2018-06-01 18:00:20 DEBUG baseClass:33 - going to set driver path
2018-06-01 18:00:20 DEBUG baseClass:35 - drive is not null
2018-06-01 18:00:20 DEBUG baseClass:45 - Browser is Chrome
2018-06-01 18:00:20 DEBUG baseClass:56 - System is Windows and browser is Chrome
2018-06-01 18:00:25 DEBUG baseClass:33 - going to set driver path
2018-06-01 18:00:45 DEBUG baseClass:129 - Quiting the browser
2018-06-01 18:00:45 DEBUG baseClass:33 - going to set driver path
2018-06-01 18:00:45 DEBUG baseClass:35 - drive is not null
2018-06-01 18:00:45 DEBUG baseClass:45 - Browser is Chrome
2018-06-01 18:00:45 DEBUG baseClass:56 - System is Windows and browser is Chrome
2018-06-01 18:00:50 DEBUG baseClass:33 - going to set driver path
2018-06-01 18:01:23 DEBUG baseClass:129 - Quiting the browser
2018-06-01 18:01:23 DEBUG baseClass:33 - going to set driver path
2018-06-01 18:01:23 DEBUG baseClass:35 - drive is not null
2018-06-01 18:01:23 DEBUG baseClass:45 - Browser is Chrome
2018-06-01 18:01:23 DEBUG baseClass:56 - System is Windows and browser is Chrome
2018-06-01 18:01:28 DEBUG baseClass:33 - going to set driver path
2018-06-01 18:01:57 DEBUG baseClass:129 - Quiting the browser
2018-06-01 19:28:07 DEBUG baseClass:37 - going to set driver path
2018-06-01 19:28:07 DEBUG baseClass:39 - drive is not null
2018-06-01 19:28:07 DEBUG baseClass:49 - Browser is Chrome
2018-06-01 19:28:07 DEBUG baseClass:60 - System is Windows and browser is Chrome
2018-06-01 19:30:29 DEBUG baseClass:37 - going to set driver path
2018-06-01 19:30:29 DEBUG baseClass:39 - drive is not null
2018-06-01 19:30:29 DEBUG baseClass:49 - Browser is Chrome
2018-06-01 19:30:29 DEBUG baseClass:60 - System is Windows and browser is Chrome
2018-06-01 19:30:37 DEBUG baseClass:37 - going to set driver path
2018-06-01 19:30:37 DEBUG FlightBookingTest:38 - Driver got set
2018-06-01 19:30:53 DEBUG FlightBookingTest:41 - open url ==https://www.cleartrip.com/
2018-06-01 19:31:08 DEBUG FlightBookingTest:82 - all valid data entered and click the Serch button
2018-06-01 19:31:15 DEBUG baseClass:133 - Quiting the browser
2018-06-01 19:31:15 DEBUG baseClass:37 - going to set driver path
2018-06-01 19:31:15 DEBUG baseClass:39 - drive is not null
2018-06-01 19:31:15 DEBUG baseClass:49 - Browser is Chrome
2018-06-01 19:31:15 DEBUG baseClass:60 - System is Windows and browser is Chrome
2018-06-01 19:31:22 DEBUG baseClass:37 - going to set driver path
2018-06-01 19:31:22 DEBUG HotelBookingTest:38 - Driver got set
2018-06-01 19:31:37 DEBUG HotelBookingTest:41 - open url ==https://www.cleartrip.com/
2018-06-01 19:31:53 DEBUG HotelBookingTest:56 - Check-In Month ==> By.xpath: //div[@id='ui-datepicker-div']//span[text()='July']
2018-06-01 19:31:53 DEBUG HotelBookingTest:57 - Check-In Year ==> By.xpath: //div[@id='ui-datepicker-div']//span[text()='2018']
2018-06-01 19:31:53 DEBUG HotelBookingTest:66 - date => //td[@data-year='2018' and @data-month='6']/a[text()='1']
2018-06-01 19:31:54 DEBUG HotelBookingTest:81 - Check-Out Month ==> By.xpath: //div[@id='ui-datepicker-div']//span[text()='July']
2018-06-01 19:31:54 DEBUG HotelBookingTest:88 - Check-Out Date ==> //td[@data-year='2018' and @data-month='6']/a[text()='6']
2018-06-01 19:31:54 DEBUG HotelBookingTest:92 - Check-Out Year ==> By.xpath: //div[@id='ui-datepicker-div']//span[text()='2018']
2018-06-01 19:31:59 DEBUG baseClass:133 - Quiting the browser
2018-06-01 19:31:59 DEBUG baseClass:37 - going to set driver path
2018-06-01 19:31:59 DEBUG baseClass:39 - drive is not null
2018-06-01 19:31:59 DEBUG baseClass:49 - Browser is Chrome
2018-06-01 19:31:59 DEBUG baseClass:60 - System is Windows and browser is Chrome
2018-06-01 19:32:04 DEBUG baseClass:37 - going to set driver path
2018-06-01 19:32:27 DEBUG baseClass:133 - Quiting the browser
2018-06-01 19:32:27 DEBUG baseClass:37 - going to set driver path
2018-06-01 19:32:27 DEBUG baseClass:39 - drive is not null
2018-06-01 19:32:27 DEBUG baseClass:49 - Browser is Chrome
2018-06-01 19:32:27 DEBUG baseClass:60 - System is Windows and browser is Chrome
2018-06-01 19:32:32 DEBUG baseClass:37 - going to set driver path
2018-06-01 19:32:53 DEBUG baseClass:133 - Quiting the browser
2018-06-01 19:32:53 DEBUG baseClass:37 - going to set driver path
2018-06-01 19:32:53 DEBUG baseClass:39 - drive is not null
2018-06-01 19:32:53 DEBUG baseClass:49 - Browser is Chrome
2018-06-01 19:32:53 DEBUG baseClass:60 - System is Windows and browser is Chrome
2018-06-01 19:32:58 DEBUG baseClass:37 - going to set driver path
2018-06-01 19:33:31 DEBUG baseClass:133 - Quiting the browser
2018-06-01 19:33:31 DEBUG baseClass:37 - going to set driver path
2018-06-01 19:33:31 DEBUG baseClass:39 - drive is not null
2018-06-01 19:33:31 DEBUG baseClass:49 - Browser is Chrome
2018-06-01 19:33:31 DEBUG baseClass:60 - System is Windows and browser is Chrome
2018-06-01 19:33:36 DEBUG baseClass:37 - going to set driver path
2018-06-01 19:34:05 DEBUG baseClass:133 - Quiting the browser
2018-06-01 19:38:36 DEBUG baseClass:37 - going to set driver path
2018-06-01 19:38:36 DEBUG baseClass:39 - drive is not null
2018-06-01 19:38:36 DEBUG baseClass:49 - Browser is Chrome
2018-06-01 19:38:36 DEBUG baseClass:60 - System is Windows and browser is Chrome
2018-06-01 19:38:44 DEBUG baseClass:37 - going to set driver path
2018-06-01 19:38:44 DEBUG FlightBookingTest:38 - Driver got set
2018-06-01 19:39:09 DEBUG FlightBookingTest:41 - open url ==https://www.cleartrip.com/
2018-06-01 19:39:21 DEBUG FlightBookingTest:82 - all valid data entered and click the Serch button
2018-06-01 19:39:27 DEBUG baseClass:133 - Quiting the browser
2018-06-01 19:39:28 DEBUG baseClass:37 - going to set driver path
2018-06-01 19:39:28 DEBUG baseClass:39 - drive is not null
2018-06-01 19:39:28 DEBUG baseClass:49 - Browser is Chrome
2018-06-01 19:39:28 DEBUG baseClass:60 - System is Windows and browser is Chrome
2018-06-01 19:39:32 DEBUG baseClass:37 - going to set driver path
2018-06-01 19:39:32 DEBUG HotelBookingTest:38 - Driver got set
2018-06-01 19:39:57 DEBUG HotelBookingTest:41 - open url ==https://www.cleartrip.com/
2018-06-01 19:40:10 DEBUG HotelBookingTest:56 - Check-In Month ==> By.xpath: //div[@id='ui-datepicker-div']//span[text()='July']
2018-06-01 19:40:10 DEBUG HotelBookingTest:57 - Check-In Year ==> By.xpath: //div[@id='ui-datepicker-div']//span[text()='2018']
2018-06-01 19:40:10 DEBUG HotelBookingTest:66 - date => //td[@data-year='2018' and @data-month='6']/a[text()='1']
2018-06-01 19:40:12 DEBUG HotelBookingTest:81 - Check-Out Month ==> By.xpath: //div[@id='ui-datepicker-div']//span[text()='July']
2018-06-01 19:40:12 DEBUG HotelBookingTest:88 - Check-Out Date ==> //td[@data-year='2018' and @data-month='6']/a[text()='6']
2018-06-01 19:40:12 DEBUG HotelBookingTest:92 - Check-Out Year ==> By.xpath: //div[@id='ui-datepicker-div']//span[text()='2018']
2018-06-01 19:40:17 DEBUG baseClass:133 - Quiting the browser
2018-06-01 19:40:17 DEBUG baseClass:37 - going to set driver path
2018-06-01 19:40:17 DEBUG baseClass:39 - drive is not null
2018-06-01 19:40:17 DEBUG baseClass:49 - Browser is Chrome
2018-06-01 19:40:17 DEBUG baseClass:60 - System is Windows and browser is Chrome
2018-06-01 19:40:23 DEBUG baseClass:37 - going to set driver path
2018-06-01 19:40:54 DEBUG baseClass:133 - Quiting the browser
2018-06-01 19:40:54 DEBUG baseClass:37 - going to set driver path
2018-06-01 19:40:54 DEBUG baseClass:39 - drive is not null
2018-06-01 19:40:54 DEBUG baseClass:49 - Browser is Chrome
2018-06-01 19:40:54 DEBUG baseClass:60 - System is Windows and browser is Chrome
2018-06-01 19:40:59 DEBUG baseClass:37 - going to set driver path
2018-06-01 19:41:25 DEBUG baseClass:133 - Quiting the browser
2018-06-01 19:41:25 DEBUG baseClass:37 - going to set driver path
2018-06-01 19:41:25 DEBUG baseClass:39 - drive is not null
2018-06-01 19:41:25 DEBUG baseClass:49 - Browser is Chrome
2018-06-01 19:41:25 DEBUG baseClass:60 - System is Windows and browser is Chrome
2018-06-01 19:41:29 DEBUG baseClass:37 - going to set driver path
2018-06-01 19:41:54 DEBUG baseClass:133 - Quiting the browser
2018-06-01 19:41:54 DEBUG baseClass:37 - going to set driver path
2018-06-01 19:41:54 DEBUG baseClass:39 - drive is not null
2018-06-01 19:41:54 DEBUG baseClass:49 - Browser is Chrome
2018-06-01 19:41:54 DEBUG baseClass:60 - System is Windows and browser is Chrome
2018-06-01 19:41:59 DEBUG baseClass:37 - going to set driver path
2018-06-01 19:42:36 DEBUG baseClass:133 - Quiting the browser
2018-06-08 18:44:49 DEBUG baseClass:37 - going to set driver path
2018-06-08 18:44:49 DEBUG baseClass:39 - drive is not null
2018-06-08 18:44:49 DEBUG baseClass:49 - Browser is Chrome
2018-06-08 18:44:49 DEBUG baseClass:60 - System is Windows and browser is Chrome
2018-06-08 18:45:00 DEBUG baseClass:37 - going to set driver path
2018-06-08 18:45:36 DEBUG baseClass:133 - Quiting the browser
2018-06-08 19:51:11 DEBUG baseClass:37 - going to set driver path
2018-06-08 19:51:11 DEBUG baseClass:39 - drive is not null
2018-06-08 19:51:11 DEBUG baseClass:49 - Browser is Chrome
2018-06-08 19:51:11 DEBUG baseClass:60 - System is Windows and browser is Chrome
2018-06-08 19:51:17 DEBUG baseClass:37 - going to set driver path
2018-06-08 19:51:26 DEBUG baseClass:133 - Quiting the browser
2018-06-08 19:52:48 DEBUG baseClass:37 - going to set driver path
2018-06-08 19:52:48 DEBUG baseClass:39 - drive is not null
2018-06-08 19:52:48 DEBUG baseClass:49 - Browser is Chrome
2018-06-08 19:52:48 DEBUG baseClass:60 - System is Windows and browser is Chrome
2018-06-08 19:52:55 DEBUG baseClass:37 - going to set driver path
2018-06-08 19:53:27 DEBUG baseClass:133 - Quiting the browser
2018-06-13 15:28:29 DEBUG baseClass:37 - going to set driver path
2018-06-13 15:28:29 DEBUG baseClass:39 - drive is not null
2018-06-13 15:28:29 DEBUG baseClass:49 - Browser is Chrome
2018-06-13 15:28:29 DEBUG baseClass:60 - System is Windows and browser is Chrome
2018-06-13 15:28:36 DEBUG baseClass:37 - going to set driver path
2018-06-13 15:28:36 DEBUG FlightBookingTest:38 - Driver got set
2018-06-13 15:28:50 DEBUG FlightBookingTest:41 - open url ==https://www.cleartrip.com/
2018-06-13 15:29:03 DEBUG FlightBookingTest:82 - all valid data entered and click the Serch button
2018-06-13 15:29:10 DEBUG baseClass:133 - Quiting the browser
2018-06-13 15:29:10 DEBUG baseClass:37 - going to set driver path
2018-06-13 15:29:10 DEBUG baseClass:39 - drive is not null
2018-06-13 15:29:10 DEBUG baseClass:49 - Browser is Chrome
2018-06-13 15:29:10 DEBUG baseClass:60 - System is Windows and browser is Chrome
2018-06-13 15:29:14 DEBUG baseClass:37 - going to set driver path
2018-06-13 15:29:14 DEBUG HotelBookingTest:38 - Driver got set
2018-06-13 15:29:28 DEBUG HotelBookingTest:41 - open url ==https://www.cleartrip.com/
2018-06-13 15:29:38 DEBUG HotelBookingTest:56 - Check-In Month ==> By.xpath: //div[@id='ui-datepicker-div']//span[text()='July']
2018-06-13 15:29:38 DEBUG HotelBookingTest:57 - Check-In Year ==> By.xpath: //div[@id='ui-datepicker-div']//span[text()='2018']
2018-06-13 15:29:38 DEBUG HotelBookingTest:66 - date => //td[@data-year='2018' and @data-month='6']/a[text()='1']
2018-06-13 15:29:40 DEBUG HotelBookingTest:81 - Check-Out Month ==> By.xpath: //div[@id='ui-datepicker-div']//span[text()='July']
2018-06-13 15:29:40 DEBUG HotelBookingTest:88 - Check-Out Date ==> //td[@data-year='2018' and @data-month='6']/a[text()='6']
2018-06-13 15:29:40 DEBUG HotelBookingTest:92 - Check-Out Year ==> By.xpath: //div[@id='ui-datepicker-div']//span[text()='2018']
2018-06-13 15:29:45 DEBUG baseClass:133 - Quiting the browser
2018-06-13 15:29:45 DEBUG baseClass:37 - going to set driver path
2018-06-13 15:29:45 DEBUG baseClass:39 - drive is not null
2018-06-13 15:29:45 DEBUG baseClass:49 - Browser is Chrome
2018-06-13 15:29:45 DEBUG baseClass:60 - System is Windows and browser is Chrome
2018-06-13 15:29:49 DEBUG baseClass:37 - going to set driver path
2018-06-13 15:30:20 DEBUG baseClass:133 - Quiting the browser
2018-06-13 15:33:00 DEBUG baseClass:37 - going to set driver path
2018-06-13 15:33:00 DEBUG baseClass:39 - drive is not null
2018-06-13 15:33:00 DEBUG baseClass:49 - Browser is Chrome
2018-06-13 15:33:00 DEBUG baseClass:60 - System is Windows and browser is Chrome
2018-06-13 15:33:06 DEBUG baseClass:37 - going to set driver path
2018-06-13 15:33:06 DEBUG FlightBookingTest:38 - Driver got set
2018-06-13 15:33:19 DEBUG FlightBookingTest:41 - open url ==https://www.cleartrip.com/
2018-06-13 15:33:34 DEBUG FlightBookingTest:82 - all valid data entered and click the Serch button
2018-06-13 15:33:41 DEBUG baseClass:133 - Quiting the browser
2018-06-13 15:33:41 DEBUG baseClass:37 - going to set driver path
2018-06-13 15:33:41 DEBUG baseClass:39 - drive is not null
2018-06-13 15:33:41 DEBUG baseClass:49 - Browser is Chrome
2018-06-13 15:33:41 DEBUG baseClass:60 - System is Windows and browser is Chrome
2018-06-13 15:33:45 DEBUG baseClass:37 - going to set driver path
2018-06-13 15:33:45 DEBUG HotelBookingTest:38 - Driver got set
2018-06-13 15:33:53 DEBUG HotelBookingTest:41 - open url ==https://www.cleartrip.com/
2018-06-13 15:34:04 DEBUG HotelBookingTest:56 - Check-In Month ==> By.xpath: //div[@id='ui-datepicker-div']//span[text()='July']
2018-06-13 15:34:04 DEBUG HotelBookingTest:57 - Check-In Year ==> By.xpath: //div[@id='ui-datepicker-div']//span[text()='2018']
2018-06-13 15:34:04 DEBUG HotelBookingTest:66 - date => //td[@data-year='2018' and @data-month='6']/a[text()='1']
2018-06-13 15:34:06 DEBUG HotelBookingTest:81 - Check-Out Month ==> By.xpath: //div[@id='ui-datepicker-div']//span[text()='July']
2018-06-13 15:34:06 DEBUG HotelBookingTest:88 - Check-Out Date ==> //td[@data-year='2018' and @data-month='6']/a[text()='6']
2018-06-13 15:34:06 DEBUG HotelBookingTest:92 - Check-Out Year ==> By.xpath: //div[@id='ui-datepicker-div']//span[text()='2018']
2018-06-13 15:34:17 DEBUG baseClass:133 - Quiting the browser
2018-06-13 15:34:17 DEBUG baseClass:37 - going to set driver path
2018-06-13 15:34:17 DEBUG baseClass:39 - drive is not null
2018-06-13 15:34:17 DEBUG baseClass:49 - Browser is Chrome
2018-06-13 15:34:17 DEBUG baseClass:60 - System is Windows and browser is Chrome
2018-06-13 15:34:21 DEBUG baseClass:37 - going to set driver path
2018-06-13 15:34:52 DEBUG baseClass:133 - Quiting the browser
2018-06-14 17:30:16 DEBUG baseClass:40 - going to set driver path
2018-06-14 17:30:16 DEBUG baseClass:42 - drive is not null
2018-06-14 17:30:16 DEBUG baseClass:52 - Browser is Chrome
2018-06-14 17:30:16 DEBUG baseClass:63 - System is Windows and browser is Chrome
2018-06-14 17:30:31 DEBUG baseClass:143 - Quiting the browser
2018-06-14 17:33:46 DEBUG baseClass:40 - going to set driver path
2018-06-14 17:33:46 DEBUG baseClass:42 - drive is not null
2018-06-14 17:33:46 DEBUG baseClass:52 - Browser is Chrome
2018-06-14 17:33:46 DEBUG baseClass:63 - System is Windows and browser is Chrome
2018-06-14 17:33:55 DEBUG baseClass:143 - Quiting the browser
2018-06-14 17:35:19 DEBUG baseClass:40 - going to set driver path
2018-06-14 17:35:19 DEBUG baseClass:42 - drive is not null
2018-06-14 17:35:19 DEBUG baseClass:52 - Browser is Chrome
2018-06-14 17:35:19 DEBUG baseClass:63 - System is Windows and browser is Chrome
2018-06-14 17:35:28 DEBUG baseClass:143 - Quiting the browser
2018-06-14 17:37:00 DEBUG baseClass:40 - going to set driver path
2018-06-14 17:37:00 DEBUG baseClass:42 - drive is not null
2018-06-14 17:37:00 DEBUG baseClass:52 - Browser is Chrome
2018-06-14 17:37:00 DEBUG baseClass:63 - System is Windows and browser is Chrome
2018-06-14 17:42:08 DEBUG baseClass:40 - going to set driver path
2018-06-14 17:42:08 DEBUG baseClass:42 - drive is not null
2018-06-14 17:42:08 DEBUG baseClass:52 - Browser is Chrome
2018-06-14 17:42:08 DEBUG baseClass:63 - System is Windows and browser is Chrome
2018-06-14 17:43:32 DEBUG baseClass:40 - going to set driver path
2018-06-14 17:43:32 DEBUG baseClass:42 - drive is not null
2018-06-14 17:43:32 DEBUG baseClass:52 - Browser is Chrome
2018-06-14 17:43:32 DEBUG baseClass:63 - System is Windows and browser is Chrome
2018-06-14 17:45:09 DEBUG baseClass:40 - going to set driver path
2018-06-14 17:45:09 DEBUG baseClass:42 - drive is not null
2018-06-14 17:45:09 DEBUG baseClass:52 - Browser is Chrome
2018-06-14 17:45:09 DEBUG baseClass:63 - System is Windows and browser is Chrome
2018-06-14 18:09:46 DEBUG baseClass:39 - going to set driver path
2018-06-14 18:09:46 DEBUG baseClass:41 - drive is not null
2018-06-14 18:09:46 DEBUG baseClass:51 - Browser is Chrome
2018-06-14 18:09:46 DEBUG baseClass:62 - System is Windows and browser is Chrome
2018-06-14 18:10:58 DEBUG baseClass:148 - Quiting the browser
2018-06-14 18:12:06 DEBUG baseClass:39 - going to set driver path
2018-06-14 18:12:06 DEBUG baseClass:41 - drive is not null
2018-06-14 18:12:06 DEBUG baseClass:51 - Browser is Chrome
2018-06-14 18:12:06 DEBUG baseClass:62 - System is Windows and browser is Chrome
2018-06-14 18:13:25 DEBUG baseClass:148 - Quiting the browser
2018-06-27 13:44:13 DEBUG baseClass:39 - going to set driver path
2018-06-27 13:44:13 DEBUG baseClass:41 - drive is not null
2018-06-27 13:44:13 DEBUG baseClass:51 - Browser is Chrome
2018-06-27 13:44:13 DEBUG baseClass:62 - System is Windows and browser is Chrome
2018-06-27 13:44:24 DEBUG FlightBookingTest:44 - Driver got set
2018-06-27 13:44:37 DEBUG FlightBookingTest:47 - open url ==https://www.cleartrip.com/
2018-06-27 13:44:52 DEBUG FlightBookingTest:88 - all valid data entered and click the Serch button
2018-06-27 13:44:57 DEBUG FlightBookingTest:44 - Driver got set
2018-06-27 13:45:04 DEBUG FlightBookingTest:47 - open url ==https://www.cleartrip.com/
2018-06-27 13:45:15 DEBUG FlightBookingTest:88 - all valid data entered and click the Serch button
2018-06-27 13:45:22 DEBUG baseClass:143 - Quiting the browser
2018-06-27 13:45:22 DEBUG baseClass:39 - going to set driver path
2018-06-27 13:45:22 DEBUG baseClass:41 - drive is not null
2018-06-27 13:45:22 DEBUG baseClass:51 - Browser is Chrome
2018-06-27 13:45:22 DEBUG baseClass:62 - System is Windows and browser is Chrome
2018-06-27 13:45:26 DEBUG HotelBookingTest:45 - Driver got set
2018-06-27 13:45:43 DEBUG HotelBookingTest:48 - open url ==https://www.cleartrip.com/
2018-06-27 13:45:57 DEBUG HotelBookingTest:63 - Check-In Month ==> By.xpath: //div[@id='ui-datepicker-div']//span[text()='July']
2018-06-27 13:45:57 DEBUG HotelBookingTest:64 - Check-In Year ==> By.xpath: //div[@id='ui-datepicker-div']//span[text()='2018']
2018-06-27 13:45:57 DEBUG HotelBookingTest:73 - date => //td[@data-year='2018' and @data-month='6']/a[text()='1']
2018-06-27 13:45:59 DEBUG HotelBookingTest:88 - Check-Out Month ==> By.xpath: //div[@id='ui-datepicker-div']//span[text()='July']
2018-06-27 13:45:59 DEBUG HotelBookingTest:95 - Check-Out Date ==> //td[@data-year='2018' and @data-month='6']/a[text()='6']
2018-06-27 13:45:59 DEBUG HotelBookingTest:99 - Check-Out Year ==> By.xpath: //div[@id='ui-datepicker-div']//span[text()='2018']
2018-06-27 13:46:03 DEBUG HotelBookingTest:45 - Driver got set
2018-06-27 13:46:07 DEBUG HotelBookingTest:48 - open url ==https://www.cleartrip.com/
2018-06-27 13:46:18 DEBUG HotelBookingTest:63 - Check-In Month ==> By.xpath: //div[@id='ui-datepicker-div']//span[text()='July']
2018-06-27 13:46:18 DEBUG HotelBookingTest:64 - Check-In Year ==> By.xpath: //div[@id='ui-datepicker-div']//span[text()='2018']
2018-06-27 13:46:18 DEBUG HotelBookingTest:73 - date => //td[@data-year='2018' and @data-month='6']/a[text()='20']
2018-06-27 13:46:19 DEBUG HotelBookingTest:88 - Check-Out Month ==> By.xpath: //div[@id='ui-datepicker-div']//span[text()='July']
2018-06-27 13:46:19 DEBUG HotelBookingTest:95 - Check-Out Date ==> //td[@data-year='2018' and @data-month='6']/a[text()='22']
2018-06-27 13:46:19 DEBUG HotelBookingTest:99 - Check-Out Year ==> By.xpath: //div[@id='ui-datepicker-div']//span[text()='2018']
2018-06-27 13:46:25 DEBUG baseClass:143 - Quiting the browser
2018-06-27 13:46:25 DEBUG baseClass:39 - going to set driver path
2018-06-27 13:46:25 DEBUG baseClass:41 - drive is not null
2018-06-27 13:46:25 DEBUG baseClass:51 - Browser is Chrome
2018-06-27 13:46:25 DEBUG baseClass:62 - System is Windows and browser is Chrome
2018-06-27 13:47:21 DEBUG baseClass:143 - Quiting the browser
